ARM GAS  C:\Users\Oskari\AppData\Local\Temp\cckwP1Nd.s 			page 1


   1              		.syntax unified
   2              		.cpu cortex-m3
   3              		.fpu softvfp
   4              		.eabi_attribute 20, 1
   5              		.eabi_attribute 21, 1
   6              		.eabi_attribute 23, 3
   7              		.eabi_attribute 24, 1
   8              		.eabi_attribute 25, 1
   9              		.eabi_attribute 26, 1
  10              		.eabi_attribute 30, 1
  11              		.eabi_attribute 34, 1
  12              		.eabi_attribute 18, 4
  13              		.thumb
  14              		.syntax unified
  15              		.file	"cymetadata.c"
  16              		.text
  17              	.Ltext0:
  18              		.cfi_sections	.debug_frame
  19              		.global	cy_metadata
  20              		.global	cy_meta_flashprotect
  21              		.global	cy_meta_wonvl
  22              		.global	cy_meta_custnvl
  23              		.global	cy_meta_configecc
  24              		.section	.cyconfigecc,"a",%progbits
  25              		.align	2
  26              		.type	cy_meta_configecc, %object
  27              		.size	cy_meta_configecc, 876
  28              	cy_meta_configecc:
  29 0000 01       		.byte	1
  30 0001 64       		.byte	100
  31 0002 00       		.byte	0
  32 0003 40       		.byte	64
  33 0004 02       		.byte	2
  34 0005 65       		.byte	101
  35 0006 00       		.byte	0
  36 0007 40       		.byte	64
  37 0008 59       		.byte	89
  38 0009 08       		.byte	8
  39 000a 01       		.byte	1
  40 000b 40       		.byte	64
  41 000c 31       		.byte	49
  42 000d 09       		.byte	9
  43 000e 01       		.byte	1
  44 000f 40       		.byte	64
  45 0010 09       		.byte	9
  46 0011 18       		.byte	24
  47 0012 01       		.byte	1
  48 0013 40       		.byte	64
  49 0014 33       		.byte	51
  50 0015 19       		.byte	25
  51 0016 01       		.byte	1
  52 0017 40       		.byte	64
  53 0018 36       		.byte	54
  54 0019 1A       		.byte	26
  55 001a 01       		.byte	1
  56 001b 40       		.byte	64
  57 001c 37       		.byte	55
ARM GAS  C:\Users\Oskari\AppData\Local\Temp\cckwP1Nd.s 			page 2


  58 001d 1B       		.byte	27
  59 001e 01       		.byte	1
  60 001f 40       		.byte	64
  61 0020 02       		.byte	2
  62 0021 40       		.byte	64
  63 0022 01       		.byte	1
  64 0023 40       		.byte	64
  65 0024 03       		.byte	3
  66 0025 41       		.byte	65
  67 0026 01       		.byte	1
  68 0027 40       		.byte	64
  69 0028 09       		.byte	9
  70 0029 4D       		.byte	77
  71 002a 01       		.byte	1
  72 002b 40       		.byte	64
  73 002c 04       		.byte	4
  74 002d 50       		.byte	80
  75 002e 01       		.byte	1
  76 002f 40       		.byte	64
  77 0030 01       		.byte	1
  78 0031 51       		.byte	81
  79 0032 01       		.byte	1
  80 0033 40       		.byte	64
  81 0034 89       		.byte	-119
  82 0035 0F       		.byte	15
  83 0036 88       		.byte	-120
  84 0037 38       		.byte	56
  85 0038 8B       		.byte	-117
  86 0039 72       		.byte	114
  87 003a 03       		.byte	3
  88 003b 08       		.byte	8
  89 003c 07       		.byte	7
  90 003d 13       		.byte	19
  91 003e 0E       		.byte	14
  92 003f 01       		.byte	1
  93 0040 10       		.byte	16
  94 0041 01       		.byte	1
  95 0042 14       		.byte	20
  96 0043 01       		.byte	1
  97 0044 15       		.byte	21
  98 0045 31       		.byte	49
  99 0046 17       		.byte	23
 100 0047 0E       		.byte	14
 101 0048 18       		.byte	24
 102 0049 02       		.byte	2
 103 004a 1D       		.byte	29
 104 004b 2C       		.byte	44
 105 004c 1F       		.byte	31
 106 004d 03       		.byte	3
 107 004e 23       		.byte	35
 108 004f 0C       		.byte	12
 109 0050 2D       		.byte	45
 110 0051 31       		.byte	49
 111 0052 2F       		.byte	47
 112 0053 06       		.byte	6
 113 0054 33       		.byte	51
 114 0055 30       		.byte	48
ARM GAS  C:\Users\Oskari\AppData\Local\Temp\cckwP1Nd.s 			page 3


 115 0056 36       		.byte	54
 116 0057 03       		.byte	3
 117 0058 37       		.byte	55
 118 0059 0F       		.byte	15
 119 005a 38       		.byte	56
 120 005b 80       		.byte	-128
 121 005c 39       		.byte	57
 122 005d 08       		.byte	8
 123 005e 3B       		.byte	59
 124 005f 80       		.byte	-128
 125 0060 3F       		.byte	63
 126 0061 04       		.byte	4
 127 0062 40       		.byte	64
 128 0063 02       		.byte	2
 129 0064 47       		.byte	71
 130 0065 40       		.byte	64
 131 0066 49       		.byte	73
 132 0067 FF       		.byte	-1
 133 0068 4A       		.byte	74
 134 0069 07       		.byte	7
 135 006a 4B       		.byte	75
 136 006b FF       		.byte	-1
 137 006c 4C       		.byte	76
 138 006d 40       		.byte	64
 139 006e 4D       		.byte	77
 140 006f 20       		.byte	32
 141 0070 4E       		.byte	78
 142 0071 F0       		.byte	-16
 143 0072 4F       		.byte	79
 144 0073 05       		.byte	5
 145 0074 50       		.byte	80
 146 0075 08       		.byte	8
 147 0076 58       		.byte	88
 148 0077 04       		.byte	4
 149 0078 59       		.byte	89
 150 0079 04       		.byte	4
 151 007a 5A       		.byte	90
 152 007b 04       		.byte	4
 153 007c 5F       		.byte	95
 154 007d 01       		.byte	1
 155 007e 60       		.byte	96
 156 007f 40       		.byte	64
 157 0080 61       		.byte	97
 158 0081 A8       		.byte	-88
 159 0082 62       		.byte	98
 160 0083 40       		.byte	64
 161 0084 63       		.byte	99
 162 0085 20       		.byte	32
 163 0086 81       		.byte	-127
 164 0087 80       		.byte	-128
 165 0088 82       		.byte	-126
 166 0089 08       		.byte	8
 167 008a 83       		.byte	-125
 168 008b 02       		.byte	2
 169 008c 85       		.byte	-123
 170 008d A0       		.byte	-96
 171 008e 86       		.byte	-122
ARM GAS  C:\Users\Oskari\AppData\Local\Temp\cckwP1Nd.s 			page 4


 172 008f 15       		.byte	21
 173 0090 8C       		.byte	-116
 174 0091 0A       		.byte	10
 175 0092 8D       		.byte	-115
 176 0093 48       		.byte	72
 177 0094 8E       		.byte	-114
 178 0095 14       		.byte	20
 179 0096 8F       		.byte	-113
 180 0097 86       		.byte	-122
 181 0098 90       		.byte	-112
 182 0099 13       		.byte	19
 183 009a 92       		.byte	-110
 184 009b 0C       		.byte	12
 185 009c 95       		.byte	-107
 186 009d 60       		.byte	96
 187 009e 97       		.byte	-105
 188 009f 8B       		.byte	-117
 189 00a0 9B       		.byte	-101
 190 00a1 18       		.byte	24
 191 00a2 9D       		.byte	-99
 192 00a3 E6       		.byte	-26
 193 00a4 9F       		.byte	-97
 194 00a5 11       		.byte	17
 195 00a6 A4       		.byte	-92
 196 00a7 03       		.byte	3
 197 00a8 A6       		.byte	-90
 198 00a9 14       		.byte	20
 199 00aa A8       		.byte	-88
 200 00ab 13       		.byte	19
 201 00ac AA       		.byte	-86
 202 00ad 04       		.byte	4
 203 00ae AB       		.byte	-85
 204 00af 01       		.byte	1
 205 00b0 AD       		.byte	-83
 206 00b1 80       		.byte	-128
 207 00b2 AF       		.byte	-81
 208 00b3 65       		.byte	101
 209 00b4 B0       		.byte	-80
 210 00b5 0F       		.byte	15
 211 00b6 B3       		.byte	-77
 212 00b7 07       		.byte	7
 213 00b8 B5       		.byte	-75
 214 00b9 F8       		.byte	-8
 215 00ba B6       		.byte	-74
 216 00bb 10       		.byte	16
 217 00bc BA       		.byte	-70
 218 00bd 02       		.byte	2
 219 00be BB       		.byte	-69
 220 00bf 08       		.byte	8
 221 00c0 BE       		.byte	-66
 222 00c1 40       		.byte	64
 223 00c2 C0       		.byte	-64
 224 00c3 42       		.byte	66
 225 00c4 C1       		.byte	-63
 226 00c5 06       		.byte	6
 227 00c6 C5       		.byte	-59
 228 00c7 0C       		.byte	12
ARM GAS  C:\Users\Oskari\AppData\Local\Temp\cckwP1Nd.s 			page 5


 229 00c8 C6       		.byte	-58
 230 00c9 0E       		.byte	14
 231 00ca C7       		.byte	-57
 232 00cb 0B       		.byte	11
 233 00cc C8       		.byte	-56
 234 00cd 15       		.byte	21
 235 00ce C9       		.byte	-55
 236 00cf FF       		.byte	-1
 237 00d0 CA       		.byte	-54
 238 00d1 FF       		.byte	-1
 239 00d2 CB       		.byte	-53
 240 00d3 FF       		.byte	-1
 241 00d4 CE       		.byte	-50
 242 00d5 F0       		.byte	-16
 243 00d6 CF       		.byte	-49
 244 00d7 44       		.byte	68
 245 00d8 D0       		.byte	-48
 246 00d9 0C       		.byte	12
 247 00da D4       		.byte	-44
 248 00db 01       		.byte	1
 249 00dc D8       		.byte	-40
 250 00dd 04       		.byte	4
 251 00de D9       		.byte	-39
 252 00df 04       		.byte	4
 253 00e0 DA       		.byte	-38
 254 00e1 04       		.byte	4
 255 00e2 DB       		.byte	-37
 256 00e3 04       		.byte	4
 257 00e4 DF       		.byte	-33
 258 00e5 01       		.byte	1
 259 00e6 E6       		.byte	-26
 260 00e7 C0       		.byte	-64
 261 00e8 EA       		.byte	-22
 262 00e9 40       		.byte	64
 263 00ea EB       		.byte	-21
 264 00eb 02       		.byte	2
 265 00ec 00       		.byte	0
 266 00ed 06       		.byte	6
 267 00ee 03       		.byte	3
 268 00ef 01       		.byte	1
 269 00f0 07       		.byte	7
 270 00f1 01       		.byte	1
 271 00f2 0A       		.byte	10
 272 00f3 40       		.byte	64
 273 00f4 0E       		.byte	14
 274 00f5 40       		.byte	64
 275 00f6 0F       		.byte	15
 276 00f7 18       		.byte	24
 277 00f8 10       		.byte	16
 278 00f9 30       		.byte	48
 279 00fa 12       		.byte	18
 280 00fb 08       		.byte	8
 281 00fc 19       		.byte	25
 282 00fd 80       		.byte	-128
 283 00fe 1A       		.byte	26
 284 00ff 40       		.byte	64
 285 0100 1B       		.byte	27
ARM GAS  C:\Users\Oskari\AppData\Local\Temp\cckwP1Nd.s 			page 6


 286 0101 02       		.byte	2
 287 0102 1C       		.byte	28
 288 0103 02       		.byte	2
 289 0104 1F       		.byte	31
 290 0105 40       		.byte	64
 291 0106 22       		.byte	34
 292 0107 18       		.byte	24
 293 0108 23       		.byte	35
 294 0109 10       		.byte	16
 295 010a 26       		.byte	38
 296 010b C0       		.byte	-64
 297 010c 27       		.byte	39
 298 010d 21       		.byte	33
 299 010e 2B       		.byte	43
 300 010f 06       		.byte	6
 301 0110 2F       		.byte	47
 302 0111 42       		.byte	66
 303 0112 32       		.byte	50
 304 0113 98       		.byte	-104
 305 0114 36       		.byte	54
 306 0115 48       		.byte	72
 307 0116 38       		.byte	56
 308 0117 08       		.byte	8
 309 0118 3A       		.byte	58
 310 0119 01       		.byte	1
 311 011a 3B       		.byte	59
 312 011b 80       		.byte	-128
 313 011c 3C       		.byte	60
 314 011d 04       		.byte	4
 315 011e 3F       		.byte	63
 316 011f 0A       		.byte	10
 317 0120 40       		.byte	64
 318 0121 04       		.byte	4
 319 0122 43       		.byte	67
 320 0123 02       		.byte	2
 321 0124 47       		.byte	71
 322 0125 20       		.byte	32
 323 0126 48       		.byte	72
 324 0127 20       		.byte	32
 325 0128 4A       		.byte	74
 326 0129 08       		.byte	8
 327 012a 4F       		.byte	79
 328 012b 08       		.byte	8
 329 012c 50       		.byte	80
 330 012d 04       		.byte	4
 331 012e 52       		.byte	82
 332 012f 40       		.byte	64
 333 0130 56       		.byte	86
 334 0131 01       		.byte	1
 335 0132 57       		.byte	87
 336 0133 01       		.byte	1
 337 0134 58       		.byte	88
 338 0135 11       		.byte	17
 339 0136 59       		.byte	89
 340 0137 84       		.byte	-124
 341 0138 64       		.byte	100
 342 0139 01       		.byte	1
ARM GAS  C:\Users\Oskari\AppData\Local\Temp\cckwP1Nd.s 			page 7


 343 013a 66       		.byte	102
 344 013b 40       		.byte	64
 345 013c C0       		.byte	-64
 346 013d 8D       		.byte	-115
 347 013e C2       		.byte	-62
 348 013f 78       		.byte	120
 349 0140 C4       		.byte	-60
 350 0141 06       		.byte	6
 351 0142 CA       		.byte	-54
 352 0143 9C       		.byte	-100
 353 0144 CC       		.byte	-52
 354 0145 5E       		.byte	94
 355 0146 CE       		.byte	-50
 356 0147 CB       		.byte	-53
 357 0148 D0       		.byte	-48
 358 0149 25       		.byte	37
 359 014a D2       		.byte	-46
 360 014b 04       		.byte	4
 361 014c D6       		.byte	-42
 362 014d 0F       		.byte	15
 363 014e 80       		.byte	-128
 364 014f 01       		.byte	1
 365 0150 99       		.byte	-103
 366 0151 01       		.byte	1
 367 0152 B2       		.byte	-78
 368 0153 01       		.byte	1
 369 0154 B7       		.byte	-73
 370 0155 01       		.byte	1
 371 0156 BE       		.byte	-66
 372 0157 04       		.byte	4
 373 0158 BF       		.byte	-65
 374 0159 40       		.byte	64
 375 015a D8       		.byte	-40
 376 015b 04       		.byte	4
 377 015c D9       		.byte	-39
 378 015d 04       		.byte	4
 379 015e DF       		.byte	-33
 380 015f 01       		.byte	1
 381 0160 02       		.byte	2
 382 0161 40       		.byte	64
 383 0162 04       		.byte	4
 384 0163 41       		.byte	65
 385 0164 06       		.byte	6
 386 0165 08       		.byte	8
 387 0166 07       		.byte	7
 388 0167 24       		.byte	36
 389 0168 0C       		.byte	12
 390 0169 04       		.byte	4
 391 016a 0E       		.byte	14
 392 016b 41       		.byte	65
 393 016c 0F       		.byte	15
 394 016d 08       		.byte	8
 395 016e 15       		.byte	21
 396 016f 41       		.byte	65
 397 0170 16       		.byte	22
 398 0171 10       		.byte	16
 399 0172 17       		.byte	23
ARM GAS  C:\Users\Oskari\AppData\Local\Temp\cckwP1Nd.s 			page 8


 400 0173 10       		.byte	16
 401 0174 19       		.byte	25
 402 0175 04       		.byte	4
 403 0176 1E       		.byte	30
 404 0177 45       		.byte	69
 405 0178 1F       		.byte	31
 406 0179 04       		.byte	4
 407 017a 20       		.byte	32
 408 017b 02       		.byte	2
 409 017c 26       		.byte	38
 410 017d 88       		.byte	-120
 411 017e 27       		.byte	39
 412 017f 50       		.byte	80
 413 0180 2C       		.byte	44
 414 0181 80       		.byte	-128
 415 0182 2D       		.byte	45
 416 0183 A1       		.byte	-95
 417 0184 2F       		.byte	47
 418 0185 20       		.byte	32
 419 0186 32       		.byte	50
 420 0187 10       		.byte	16
 421 0188 36       		.byte	54
 422 0189 89       		.byte	-119
 423 018a 37       		.byte	55
 424 018b 20       		.byte	32
 425 018c 3C       		.byte	60
 426 018d 01       		.byte	1
 427 018e 3D       		.byte	61
 428 018f 20       		.byte	32
 429 0190 3E       		.byte	62
 430 0191 08       		.byte	8
 431 0192 3F       		.byte	63
 432 0193 40       		.byte	64
 433 0194 44       		.byte	68
 434 0195 04       		.byte	4
 435 0196 45       		.byte	69
 436 0197 32       		.byte	50
 437 0198 47       		.byte	71
 438 0199 48       		.byte	72
 439 019a 4D       		.byte	77
 440 019b 40       		.byte	64
 441 019c 4F       		.byte	79
 442 019d 40       		.byte	64
 443 019e 56       		.byte	86
 444 019f 10       		.byte	16
 445 01a0 57       		.byte	87
 446 01a1 04       		.byte	4
 447 01a2 5F       		.byte	95
 448 01a3 02       		.byte	2
 449 01a4 66       		.byte	102
 450 01a5 80       		.byte	-128
 451 01a6 67       		.byte	103
 452 01a7 08       		.byte	8
 453 01a8 8C       		.byte	-116
 454 01a9 40       		.byte	64
 455 01aa 8F       		.byte	-113
 456 01ab 20       		.byte	32
ARM GAS  C:\Users\Oskari\AppData\Local\Temp\cckwP1Nd.s 			page 9


 457 01ac 92       		.byte	-110
 458 01ad 20       		.byte	32
 459 01ae 9A       		.byte	-102
 460 01af 40       		.byte	64
 461 01b0 9D       		.byte	-99
 462 01b1 04       		.byte	4
 463 01b2 C0       		.byte	-64
 464 01b3 F8       		.byte	-8
 465 01b4 C2       		.byte	-62
 466 01b5 F0       		.byte	-16
 467 01b6 C4       		.byte	-60
 468 01b7 F0       		.byte	-16
 469 01b8 CA       		.byte	-54
 470 01b9 F0       		.byte	-16
 471 01ba CC       		.byte	-52
 472 01bb F4       		.byte	-12
 473 01bc CE       		.byte	-50
 474 01bd F0       		.byte	-16
 475 01be D0       		.byte	-48
 476 01bf F0       		.byte	-16
 477 01c0 D2       		.byte	-46
 478 01c1 10       		.byte	16
 479 01c2 D6       		.byte	-42
 480 01c3 80       		.byte	-128
 481 01c4 D8       		.byte	-40
 482 01c5 30       		.byte	48
 483 01c6 01       		.byte	1
 484 01c7 01       		.byte	1
 485 01c8 05       		.byte	5
 486 01c9 01       		.byte	1
 487 01ca 08       		.byte	8
 488 01cb 02       		.byte	2
 489 01cc 0A       		.byte	10
 490 01cd 01       		.byte	1
 491 01ce 0C       		.byte	12
 492 01cf 01       		.byte	1
 493 01d0 0E       		.byte	14
 494 01d1 02       		.byte	2
 495 01d2 15       		.byte	21
 496 01d3 01       		.byte	1
 497 01d4 24       		.byte	36
 498 01d5 03       		.byte	3
 499 01d6 28       		.byte	40
 500 01d7 03       		.byte	3
 501 01d8 31       		.byte	49
 502 01d9 01       		.byte	1
 503 01da 34       		.byte	52
 504 01db 03       		.byte	3
 505 01dc 58       		.byte	88
 506 01dd 04       		.byte	4
 507 01de 59       		.byte	89
 508 01df 04       		.byte	4
 509 01e0 5F       		.byte	95
 510 01e1 01       		.byte	1
 511 01e2 80       		.byte	-128
 512 01e3 1F       		.byte	31
 513 01e4 82       		.byte	-126
ARM GAS  C:\Users\Oskari\AppData\Local\Temp\cckwP1Nd.s 			page 10


 514 01e5 20       		.byte	32
 515 01e6 83       		.byte	-125
 516 01e7 18       		.byte	24
 517 01e8 84       		.byte	-124
 518 01e9 0C       		.byte	12
 519 01ea 85       		.byte	-123
 520 01eb 07       		.byte	7
 521 01ec 88       		.byte	-120
 522 01ed 04       		.byte	4
 523 01ee 89       		.byte	-119
 524 01ef 07       		.byte	7
 525 01f0 8C       		.byte	-116
 526 01f1 3F       		.byte	63
 527 01f2 8F       		.byte	-113
 528 01f3 18       		.byte	24
 529 01f4 91       		.byte	-111
 530 01f5 18       		.byte	24
 531 01f6 92       		.byte	-110
 532 01f7 23       		.byte	35
 533 01f8 94       		.byte	-108
 534 01f9 02       		.byte	2
 535 01fa 95       		.byte	-107
 536 01fb 18       		.byte	24
 537 01fc 98       		.byte	-104
 538 01fd 33       		.byte	51
 539 01fe 99       		.byte	-103
 540 01ff 14       		.byte	20
 541 0200 9A       		.byte	-102
 542 0201 0C       		.byte	12
 543 0202 9B       		.byte	-101
 544 0203 01       		.byte	1
 545 0204 9C       		.byte	-100
 546 0205 03       		.byte	3
 547 0206 9D       		.byte	-99
 548 0207 19       		.byte	25
 549 0208 9F       		.byte	-97
 550 0209 06       		.byte	6
 551 020a A0       		.byte	-96
 552 020b 08       		.byte	8
 553 020c A4       		.byte	-92
 554 020d 01       		.byte	1
 555 020e A7       		.byte	-89
 556 020f 18       		.byte	24
 557 0210 A8       		.byte	-88
 558 0211 1C       		.byte	28
 559 0212 AA       		.byte	-86
 560 0213 23       		.byte	35
 561 0214 AD       		.byte	-83
 562 0215 0A       		.byte	10
 563 0216 AF       		.byte	-81
 564 0217 01       		.byte	1
 565 0218 B1       		.byte	-79
 566 0219 07       		.byte	7
 567 021a B2       		.byte	-78
 568 021b 10       		.byte	16
 569 021c B4       		.byte	-76
 570 021d 0F       		.byte	15
ARM GAS  C:\Users\Oskari\AppData\Local\Temp\cckwP1Nd.s 			page 11


 571 021e B6       		.byte	-74
 572 021f 2C       		.byte	44
 573 0220 B7       		.byte	-73
 574 0221 18       		.byte	24
 575 0222 BA       		.byte	-70
 576 0223 A2       		.byte	-94
 577 0224 BE       		.byte	-66
 578 0225 04       		.byte	4
 579 0226 D6       		.byte	-42
 580 0227 02       		.byte	2
 581 0228 D7       		.byte	-41
 582 0229 11       		.byte	17
 583 022a D8       		.byte	-40
 584 022b 04       		.byte	4
 585 022c D9       		.byte	-39
 586 022d 04       		.byte	4
 587 022e DB       		.byte	-37
 588 022f 04       		.byte	4
 589 0230 DF       		.byte	-33
 590 0231 01       		.byte	1
 591 0232 01       		.byte	1
 592 0233 A0       		.byte	-96
 593 0234 04       		.byte	4
 594 0235 41       		.byte	65
 595 0236 07       		.byte	7
 596 0237 24       		.byte	36
 597 0238 0E       		.byte	14
 598 0239 06       		.byte	6
 599 023a 0F       		.byte	15
 600 023b 60       		.byte	96
 601 023c 10       		.byte	16
 602 023d 08       		.byte	8
 603 023e 11       		.byte	17
 604 023f 04       		.byte	4
 605 0240 16       		.byte	22
 606 0241 08       		.byte	8
 607 0242 17       		.byte	23
 608 0243 19       		.byte	25
 609 0244 19       		.byte	25
 610 0245 20       		.byte	32
 611 0246 1B       		.byte	27
 612 0247 10       		.byte	16
 613 0248 1C       		.byte	28
 614 0249 41       		.byte	65
 615 024a 1D       		.byte	29
 616 024b 23       		.byte	35
 617 024c 1E       		.byte	30
 618 024d 2C       		.byte	44
 619 024e 23       		.byte	35
 620 024f 40       		.byte	64
 621 0250 26       		.byte	38
 622 0251 01       		.byte	1
 623 0252 27       		.byte	39
 624 0253 42       		.byte	66
 625 0254 2D       		.byte	45
 626 0255 80       		.byte	-128
 627 0256 2E       		.byte	46
ARM GAS  C:\Users\Oskari\AppData\Local\Temp\cckwP1Nd.s 			page 12


 628 0257 08       		.byte	8
 629 0258 30       		.byte	48
 630 0259 08       		.byte	8
 631 025a 35       		.byte	53
 632 025b 21       		.byte	33
 633 025c 36       		.byte	54
 634 025d 04       		.byte	4
 635 025e 37       		.byte	55
 636 025f 40       		.byte	64
 637 0260 38       		.byte	56
 638 0261 02       		.byte	2
 639 0262 39       		.byte	57
 640 0263 04       		.byte	4
 641 0264 3C       		.byte	60
 642 0265 01       		.byte	1
 643 0266 3D       		.byte	61
 644 0267 04       		.byte	4
 645 0268 3E       		.byte	62
 646 0269 10       		.byte	16
 647 026a 3F       		.byte	63
 648 026b 40       		.byte	64
 649 026c 5E       		.byte	94
 650 026d 20       		.byte	32
 651 026e 6C       		.byte	108
 652 026f 09       		.byte	9
 653 0270 6D       		.byte	109
 654 0271 04       		.byte	4
 655 0272 6E       		.byte	110
 656 0273 10       		.byte	16
 657 0274 74       		.byte	116
 658 0275 80       		.byte	-128
 659 0276 77       		.byte	119
 660 0277 25       		.byte	37
 661 0278 89       		.byte	-119
 662 0279 80       		.byte	-128
 663 027a 8B       		.byte	-117
 664 027b 08       		.byte	8
 665 027c 94       		.byte	-108
 666 027d 41       		.byte	65
 667 027e 97       		.byte	-105
 668 027f 40       		.byte	64
 669 0280 9B       		.byte	-101
 670 0281 10       		.byte	16
 671 0282 9D       		.byte	-99
 672 0283 A0       		.byte	-96
 673 0284 9F       		.byte	-97
 674 0285 26       		.byte	38
 675 0286 A4       		.byte	-92
 676 0287 80       		.byte	-128
 677 0288 A5       		.byte	-91
 678 0289 22       		.byte	34
 679 028a A6       		.byte	-90
 680 028b 01       		.byte	1
 681 028c B0       		.byte	-80
 682 028d 01       		.byte	1
 683 028e B2       		.byte	-78
 684 028f 85       		.byte	-123
ARM GAS  C:\Users\Oskari\AppData\Local\Temp\cckwP1Nd.s 			page 13


 685 0290 B3       		.byte	-77
 686 0291 08       		.byte	8
 687 0292 C0       		.byte	-64
 688 0293 F3       		.byte	-13
 689 0294 C2       		.byte	-62
 690 0295 F0       		.byte	-16
 691 0296 C4       		.byte	-60
 692 0297 76       		.byte	118
 693 0298 CA       		.byte	-54
 694 0299 50       		.byte	80
 695 029a CC       		.byte	-52
 696 029b F2       		.byte	-14
 697 029c CE       		.byte	-50
 698 029d F3       		.byte	-13
 699 029e D6       		.byte	-42
 700 029f 20       		.byte	32
 701 02a0 33       		.byte	51
 702 02a1 80       		.byte	-128
 703 02a2 CC       		.byte	-52
 704 02a3 10       		.byte	16
 705 02a4 03       		.byte	3
 706 02a5 80       		.byte	-128
 707 02a6 A7       		.byte	-89
 708 02a7 80       		.byte	-128
 709 02a8 C0       		.byte	-64
 710 02a9 10       		.byte	16
 711 02aa 11       		.byte	17
 712 02ab 01       		.byte	1
 713 02ac 75       		.byte	117
 714 02ad 02       		.byte	2
 715 02ae 89       		.byte	-119
 716 02af 01       		.byte	1
 717 02b0 99       		.byte	-103
 718 02b1 02       		.byte	2
 719 02b2 B1       		.byte	-79
 720 02b3 02       		.byte	2
 721 02b4 C4       		.byte	-60
 722 02b5 08       		.byte	8
 723 02b6 DE       		.byte	-34
 724 02b7 04       		.byte	4
 725 02b8 E6       		.byte	-26
 726 02b9 01       		.byte	1
 727 02ba E8       		.byte	-24
 728 02bb 01       		.byte	1
 729 02bc 00       		.byte	0
 730 02bd 01       		.byte	1
 731 02be 0C       		.byte	12
 732 02bf 01       		.byte	1
 733 02c0 10       		.byte	16
 734 02c1 01       		.byte	1
 735 02c2 1C       		.byte	28
 736 02c3 01       		.byte	1
 737 02c4 00       		.byte	0
 738 02c5 03       		.byte	3
 739 02c6 00       		.byte	0
 740 02c7 00       		.byte	0
 741 02c8 80       		.byte	-128
ARM GAS  C:\Users\Oskari\AppData\Local\Temp\cckwP1Nd.s 			page 14


 742 02c9 80       		.byte	-128
 743 02ca 00       		.byte	0
 744 02cb 00       		.byte	0
 745 02cc 40       		.byte	64
 746 02cd 00       		.byte	0
 747 02ce 00       		.byte	0
 748 02cf 00       		.byte	0
 749 02d0 30       		.byte	48
 750 02d1 1C       		.byte	28
 751 02d2 09       		.byte	9
 752 02d3 01       		.byte	1
 753 02d4 30       		.byte	48
 754 02d5 08       		.byte	8
 755 02d6 00       		.byte	0
 756 02d7 00       		.byte	0
 757 02d8 10       		.byte	16
 758 02d9 07       		.byte	7
 759 02da 00       		.byte	0
 760 02db 18       		.byte	24
 761 02dc 39       		.byte	57
 762 02dd 00       		.byte	0
 763 02de 00       		.byte	0
 764 02df 03       		.byte	3
 765 02e0 00       		.byte	0
 766 02e1 00       		.byte	0
 767 02e2 02       		.byte	2
 768 02e3 40       		.byte	64
 769 02e4 09       		.byte	9
 770 02e5 1C       		.byte	28
 771 02e6 30       		.byte	48
 772 02e7 02       		.byte	2
 773 02e8 00       		.byte	0
 774 02e9 18       		.byte	24
 775 02ea 02       		.byte	2
 776 02eb 00       		.byte	0
 777 02ec 00       		.byte	0
 778 02ed 00       		.byte	0
 779 02ee 04       		.byte	4
 780 02ef 04       		.byte	4
 781 02f0 20       		.byte	32
 782 02f1 10       		.byte	16
 783 02f2 00       		.byte	0
 784 02f3 00       		.byte	0
 785 02f4 00       		.byte	0
 786 02f5 1F       		.byte	31
 787 02f6 04       		.byte	4
 788 02f7 00       		.byte	0
 789 02f8 38       		.byte	56
 790 02f9 00       		.byte	0
 791 02fa 01       		.byte	1
 792 02fb 80       		.byte	-128
 793 02fc 00       		.byte	0
 794 02fd 04       		.byte	4
 795 02fe 08       		.byte	8
 796 02ff A0       		.byte	-96
 797 0300 01       		.byte	1
 798 0301 C0       		.byte	-64
ARM GAS  C:\Users\Oskari\AppData\Local\Temp\cckwP1Nd.s 			page 15


 799 0302 02       		.byte	2
 800 0303 1F       		.byte	31
 801 0304 04       		.byte	4
 802 0305 00       		.byte	0
 803 0306 38       		.byte	56
 804 0307 20       		.byte	32
 805 0308 02       		.byte	2
 806 0309 00       		.byte	0
 807 030a 00       		.byte	0
 808 030b 08       		.byte	8
 809 030c 00       		.byte	0
 810 030d 00       		.byte	0
 811 030e 14       		.byte	20
 812 030f 01       		.byte	1
 813 0310 25       		.byte	37
 814 0311 04       		.byte	4
 815 0312 03       		.byte	3
 816 0313 00       		.byte	0
 817 0314 01       		.byte	1
 818 0315 00       		.byte	0
 819 0316 C0       		.byte	-64
 820 0317 0E       		.byte	14
 821 0318 18       		.byte	24
 822 0319 FF       		.byte	-1
 823 031a FF       		.byte	-1
 824 031b FF       		.byte	-1
 825 031c 62       		.byte	98
 826 031d A0       		.byte	-96
 827 031e F0       		.byte	-16
 828 031f 41       		.byte	65
 829 0320 0C       		.byte	12
 830 0321 00       		.byte	0
 831 0322 00       		.byte	0
 832 0323 00       		.byte	0
 833 0324 18       		.byte	24
 834 0325 00       		.byte	0
 835 0326 00       		.byte	0
 836 0327 00       		.byte	0
 837 0328 04       		.byte	4
 838 0329 04       		.byte	4
 839 032a 04       		.byte	4
 840 032b 04       		.byte	4
 841 032c 00       		.byte	0
 842 032d 00       		.byte	0
 843 032e 00       		.byte	0
 844 032f 01       		.byte	1
 845 0330 00       		.byte	0
 846 0331 00       		.byte	0
 847 0332 00       		.byte	0
 848 0333 00       		.byte	0
 849 0334 00       		.byte	0
 850 0335 00       		.byte	0
 851 0336 40       		.byte	64
 852 0337 02       		.byte	2
 853 0338 00       		.byte	0
 854 0339 10       		.byte	16
 855 033a 30       		.byte	48
ARM GAS  C:\Users\Oskari\AppData\Local\Temp\cckwP1Nd.s 			page 16


 856 033b 10       		.byte	16
 857 033c 00       		.byte	0
 858 033d 10       		.byte	16
 859 033e 10       		.byte	16
 860 033f 12       		.byte	18
 861 0340 00       		.byte	0
 862 0341 00       		.byte	0
 863 0342 00       		.byte	0
 864 0343 00       		.byte	0
 865 0344 00       		.byte	0
 866 0345 00       		.byte	0
 867 0346 00       		.byte	0
 868 0347 00       		.byte	0
 869 0348 00       		.byte	0
 870 0349 00       		.byte	0
 871 034a 00       		.byte	0
 872 034b 00       		.byte	0
 873 034c 00       		.byte	0
 874 034d 00       		.byte	0
 875 034e 00       		.byte	0
 876 034f 00       		.byte	0
 877 0350 03       		.byte	3
 878 0351 00       		.byte	0
 879 0352 00       		.byte	0
 880 0353 00       		.byte	0
 881 0354 00       		.byte	0
 882 0355 00       		.byte	0
 883 0356 00       		.byte	0
 884 0357 00       		.byte	0
 885 0358 80       		.byte	-128
 886 0359 00       		.byte	0
 887 035a 40       		.byte	64
 888 035b 80       		.byte	-128
 889 035c 80       		.byte	-128
 890 035d 00       		.byte	0
 891 035e 80       		.byte	-128
 892 035f 00       		.byte	0
 893 0360 00       		.byte	0
 894 0361 00       		.byte	0
 895 0362 00       		.byte	0
 896 0363 00       		.byte	0
 897 0364 00       		.byte	0
 898 0365 0B       		.byte	11
 899 0366 0B       		.byte	11
 900 0367 00       		.byte	0
 901 0368 00       		.byte	0
 902 0369 00       		.byte	0
 903 036a 00       		.byte	0
 904 036b 00       		.byte	0
 905              		.section	.cywolatch,"a",%progbits
 906              		.align	2
 907              		.type	cy_meta_wonvl, %object
 908              		.size	cy_meta_wonvl, 4
 909              	cy_meta_wonvl:
 910 0000 BC       		.byte	-68
 911 0001 90       		.byte	-112
 912 0002 AC       		.byte	-84
ARM GAS  C:\Users\Oskari\AppData\Local\Temp\cckwP1Nd.s 			page 17


 913 0003 AF       		.byte	-81
 914              		.section	.cycustnvl,"a",%progbits
 915              		.align	2
 916              		.type	cy_meta_custnvl, %object
 917              		.size	cy_meta_custnvl, 4
 918              	cy_meta_custnvl:
 919 0000 00       		.byte	0
 920 0001 00       		.byte	0
 921 0002 40       		.byte	64
 922 0003 05       		.byte	5
 923              		.section	.cymeta,"a",%progbits
 924              		.align	2
 925              		.type	cy_metadata, %object
 926              		.size	cy_metadata, 12
 927              	cy_metadata:
 928 0000 00       		.byte	0
 929 0001 01       		.byte	1
 930 0002 2E       		.byte	46
 931 0003 16       		.byte	22
 932 0004 10       		.byte	16
 933 0005 69       		.byte	105
 934 0006 00       		.byte	0
 935 0007 01       		.byte	1
 936 0008 00       		.byte	0
 937 0009 00       		.byte	0
 938 000a 00       		.byte	0
 939 000b 00       		.byte	0
 940              		.section	.cyflashprotect,"a",%progbits
 941              		.align	2
 942              		.type	cy_meta_flashprotect, %object
 943              		.size	cy_meta_flashprotect, 256
 944              	cy_meta_flashprotect:
 945 0000 00000000 		.space	256
 945      00000000 
 945      00000000 
 945      00000000 
 945      00000000 
 946              		.text
 947              	.Letext0:
 948              		.file 1 "d:\\programs\\cypress\\psoc creator\\4.4\\psoc creator\\import\\gnu\\arm\\5.4.1\\arm-none
 949              		.file 2 "d:\\programs\\cypress\\psoc creator\\4.4\\psoc creator\\import\\gnu\\arm\\5.4.1\\arm-none
 950              		.file 3 "Generated_Source\\PSoC5\\cymetadata.c"
 951              		.section	.debug_info,"",%progbits
 952              	.Ldebug_info0:
 953 0000 31010000 		.4byte	0x131
 954 0004 0400     		.2byte	0x4
 955 0006 00000000 		.4byte	.Ldebug_abbrev0
 956 000a 04       		.byte	0x4
 957 000b 01       		.uleb128 0x1
 958 000c 24000000 		.4byte	.LASF17
 959 0010 0C       		.byte	0xc
 960 0011 DC010000 		.4byte	.LASF18
 961 0015 25010000 		.4byte	.LASF19
 962 0019 00000000 		.4byte	.Ldebug_line0
 963 001d 02       		.uleb128 0x2
 964 001e 01       		.byte	0x1
 965 001f 06       		.byte	0x6
ARM GAS  C:\Users\Oskari\AppData\Local\Temp\cckwP1Nd.s 			page 18


 966 0020 D0010000 		.4byte	.LASF0
 967 0024 03       		.uleb128 0x3
 968 0025 00000000 		.4byte	.LASF9
 969 0029 01       		.byte	0x1
 970 002a 1D       		.byte	0x1d
 971 002b 2F000000 		.4byte	0x2f
 972 002f 02       		.uleb128 0x2
 973 0030 01       		.byte	0x1
 974 0031 08       		.byte	0x8
 975 0032 16000000 		.4byte	.LASF1
 976 0036 02       		.uleb128 0x2
 977 0037 02       		.byte	0x2
 978 0038 05       		.byte	0x5
 979 0039 BD010000 		.4byte	.LASF2
 980 003d 02       		.uleb128 0x2
 981 003e 02       		.byte	0x2
 982 003f 07       		.byte	0x7
 983 0040 C4000000 		.4byte	.LASF3
 984 0044 02       		.uleb128 0x2
 985 0045 04       		.byte	0x4
 986 0046 05       		.byte	0x5
 987 0047 C7010000 		.4byte	.LASF4
 988 004b 02       		.uleb128 0x2
 989 004c 04       		.byte	0x4
 990 004d 07       		.byte	0x7
 991 004e B2000000 		.4byte	.LASF5
 992 0052 02       		.uleb128 0x2
 993 0053 08       		.byte	0x8
 994 0054 05       		.byte	0x5
 995 0055 AF010000 		.4byte	.LASF6
 996 0059 02       		.uleb128 0x2
 997 005a 08       		.byte	0x8
 998 005b 07       		.byte	0x7
 999 005c 06010000 		.4byte	.LASF7
 1000 0060 04       		.uleb128 0x4
 1001 0061 04       		.byte	0x4
 1002 0062 05       		.byte	0x5
 1003 0063 696E7400 		.ascii	"int\000"
 1004 0067 02       		.uleb128 0x2
 1005 0068 04       		.byte	0x4
 1006 0069 07       		.byte	0x7
 1007 006a F9000000 		.4byte	.LASF8
 1008 006e 03       		.uleb128 0x3
 1009 006f 1D010000 		.4byte	.LASF10
 1010 0073 02       		.byte	0x2
 1011 0074 18       		.byte	0x18
 1012 0075 24000000 		.4byte	0x24
 1013 0079 05       		.uleb128 0x5
 1014 007a 91000000 		.4byte	0x91
 1015 007e 8A000000 		.4byte	0x8a
 1016 0082 06       		.uleb128 0x6
 1017 0083 8A000000 		.4byte	0x8a
 1018 0087 6B03     		.2byte	0x36b
 1019 0089 00       		.byte	0
 1020 008a 02       		.uleb128 0x2
 1021 008b 04       		.byte	0x4
 1022 008c 07       		.byte	0x7
ARM GAS  C:\Users\Oskari\AppData\Local\Temp\cckwP1Nd.s 			page 19


 1023 008d A6010000 		.4byte	.LASF11
 1024 0091 07       		.uleb128 0x7
 1025 0092 6E000000 		.4byte	0x6e
 1026 0096 08       		.uleb128 0x8
 1027 0097 E7000000 		.4byte	.LASF12
 1028 009b 03       		.byte	0x3
 1029 009c 1F       		.byte	0x1f
 1030 009d A7000000 		.4byte	0xa7
 1031 00a1 05       		.uleb128 0x5
 1032 00a2 03       		.byte	0x3
 1033 00a3 00000000 		.4byte	cy_meta_configecc
 1034 00a7 07       		.uleb128 0x7
 1035 00a8 79000000 		.4byte	0x79
 1036 00ac 05       		.uleb128 0x5
 1037 00ad 91000000 		.4byte	0x91
 1038 00b1 BC000000 		.4byte	0xbc
 1039 00b5 09       		.uleb128 0x9
 1040 00b6 8A000000 		.4byte	0x8a
 1041 00ba 03       		.byte	0x3
 1042 00bb 00       		.byte	0
 1043 00bc 08       		.uleb128 0x8
 1044 00bd D7000000 		.4byte	.LASF13
 1045 00c1 03       		.byte	0x3
 1046 00c2 9A       		.byte	0x9a
 1047 00c3 CD000000 		.4byte	0xcd
 1048 00c7 05       		.uleb128 0x5
 1049 00c8 03       		.byte	0x3
 1050 00c9 00000000 		.4byte	cy_meta_custnvl
 1051 00cd 07       		.uleb128 0x7
 1052 00ce AC000000 		.4byte	0xac
 1053 00d2 08       		.uleb128 0x8
 1054 00d3 98010000 		.4byte	.LASF14
 1055 00d7 03       		.byte	0x3
 1056 00d8 A8       		.byte	0xa8
 1057 00d9 E3000000 		.4byte	0xe3
 1058 00dd 05       		.uleb128 0x5
 1059 00de 03       		.byte	0x3
 1060 00df 00000000 		.4byte	cy_meta_wonvl
 1061 00e3 07       		.uleb128 0x7
 1062 00e4 AC000000 		.4byte	0xac
 1063 00e8 05       		.uleb128 0x5
 1064 00e9 91000000 		.4byte	0x91
 1065 00ed F8000000 		.4byte	0xf8
 1066 00f1 09       		.uleb128 0x9
 1067 00f2 8A000000 		.4byte	0x8a
 1068 00f6 FF       		.byte	0xff
 1069 00f7 00       		.byte	0
 1070 00f8 08       		.uleb128 0x8
 1071 00f9 83010000 		.4byte	.LASF15
 1072 00fd 03       		.byte	0x3
 1073 00fe B6       		.byte	0xb6
 1074 00ff 09010000 		.4byte	0x109
 1075 0103 05       		.uleb128 0x5
 1076 0104 03       		.byte	0x3
 1077 0105 00000000 		.4byte	cy_meta_flashprotect
 1078 0109 07       		.uleb128 0x7
 1079 010a E8000000 		.4byte	0xe8
ARM GAS  C:\Users\Oskari\AppData\Local\Temp\cckwP1Nd.s 			page 20


 1080 010e 05       		.uleb128 0x5
 1081 010f 91000000 		.4byte	0x91
 1082 0113 1E010000 		.4byte	0x11e
 1083 0117 09       		.uleb128 0x9
 1084 0118 8A000000 		.4byte	0x8a
 1085 011c 0B       		.byte	0xb
 1086 011d 00       		.byte	0
 1087 011e 08       		.uleb128 0x8
 1088 011f 0A000000 		.4byte	.LASF16
 1089 0123 03       		.byte	0x3
 1090 0124 E3       		.byte	0xe3
 1091 0125 2F010000 		.4byte	0x12f
 1092 0129 05       		.uleb128 0x5
 1093 012a 03       		.byte	0x3
 1094 012b 00000000 		.4byte	cy_metadata
 1095 012f 07       		.uleb128 0x7
 1096 0130 0E010000 		.4byte	0x10e
 1097 0134 00       		.byte	0
 1098              		.section	.debug_abbrev,"",%progbits
 1099              	.Ldebug_abbrev0:
 1100 0000 01       		.uleb128 0x1
 1101 0001 11       		.uleb128 0x11
 1102 0002 01       		.byte	0x1
 1103 0003 25       		.uleb128 0x25
 1104 0004 0E       		.uleb128 0xe
 1105 0005 13       		.uleb128 0x13
 1106 0006 0B       		.uleb128 0xb
 1107 0007 03       		.uleb128 0x3
 1108 0008 0E       		.uleb128 0xe
 1109 0009 1B       		.uleb128 0x1b
 1110 000a 0E       		.uleb128 0xe
 1111 000b 10       		.uleb128 0x10
 1112 000c 17       		.uleb128 0x17
 1113 000d 00       		.byte	0
 1114 000e 00       		.byte	0
 1115 000f 02       		.uleb128 0x2
 1116 0010 24       		.uleb128 0x24
 1117 0011 00       		.byte	0
 1118 0012 0B       		.uleb128 0xb
 1119 0013 0B       		.uleb128 0xb
 1120 0014 3E       		.uleb128 0x3e
 1121 0015 0B       		.uleb128 0xb
 1122 0016 03       		.uleb128 0x3
 1123 0017 0E       		.uleb128 0xe
 1124 0018 00       		.byte	0
 1125 0019 00       		.byte	0
 1126 001a 03       		.uleb128 0x3
 1127 001b 16       		.uleb128 0x16
 1128 001c 00       		.byte	0
 1129 001d 03       		.uleb128 0x3
 1130 001e 0E       		.uleb128 0xe
 1131 001f 3A       		.uleb128 0x3a
 1132 0020 0B       		.uleb128 0xb
 1133 0021 3B       		.uleb128 0x3b
 1134 0022 0B       		.uleb128 0xb
 1135 0023 49       		.uleb128 0x49
 1136 0024 13       		.uleb128 0x13
ARM GAS  C:\Users\Oskari\AppData\Local\Temp\cckwP1Nd.s 			page 21


 1137 0025 00       		.byte	0
 1138 0026 00       		.byte	0
 1139 0027 04       		.uleb128 0x4
 1140 0028 24       		.uleb128 0x24
 1141 0029 00       		.byte	0
 1142 002a 0B       		.uleb128 0xb
 1143 002b 0B       		.uleb128 0xb
 1144 002c 3E       		.uleb128 0x3e
 1145 002d 0B       		.uleb128 0xb
 1146 002e 03       		.uleb128 0x3
 1147 002f 08       		.uleb128 0x8
 1148 0030 00       		.byte	0
 1149 0031 00       		.byte	0
 1150 0032 05       		.uleb128 0x5
 1151 0033 01       		.uleb128 0x1
 1152 0034 01       		.byte	0x1
 1153 0035 49       		.uleb128 0x49
 1154 0036 13       		.uleb128 0x13
 1155 0037 01       		.uleb128 0x1
 1156 0038 13       		.uleb128 0x13
 1157 0039 00       		.byte	0
 1158 003a 00       		.byte	0
 1159 003b 06       		.uleb128 0x6
 1160 003c 21       		.uleb128 0x21
 1161 003d 00       		.byte	0
 1162 003e 49       		.uleb128 0x49
 1163 003f 13       		.uleb128 0x13
 1164 0040 2F       		.uleb128 0x2f
 1165 0041 05       		.uleb128 0x5
 1166 0042 00       		.byte	0
 1167 0043 00       		.byte	0
 1168 0044 07       		.uleb128 0x7
 1169 0045 26       		.uleb128 0x26
 1170 0046 00       		.byte	0
 1171 0047 49       		.uleb128 0x49
 1172 0048 13       		.uleb128 0x13
 1173 0049 00       		.byte	0
 1174 004a 00       		.byte	0
 1175 004b 08       		.uleb128 0x8
 1176 004c 34       		.uleb128 0x34
 1177 004d 00       		.byte	0
 1178 004e 03       		.uleb128 0x3
 1179 004f 0E       		.uleb128 0xe
 1180 0050 3A       		.uleb128 0x3a
 1181 0051 0B       		.uleb128 0xb
 1182 0052 3B       		.uleb128 0x3b
 1183 0053 0B       		.uleb128 0xb
 1184 0054 49       		.uleb128 0x49
 1185 0055 13       		.uleb128 0x13
 1186 0056 3F       		.uleb128 0x3f
 1187 0057 19       		.uleb128 0x19
 1188 0058 02       		.uleb128 0x2
 1189 0059 18       		.uleb128 0x18
 1190 005a 00       		.byte	0
 1191 005b 00       		.byte	0
 1192 005c 09       		.uleb128 0x9
 1193 005d 21       		.uleb128 0x21
ARM GAS  C:\Users\Oskari\AppData\Local\Temp\cckwP1Nd.s 			page 22


 1194 005e 00       		.byte	0
 1195 005f 49       		.uleb128 0x49
 1196 0060 13       		.uleb128 0x13
 1197 0061 2F       		.uleb128 0x2f
 1198 0062 0B       		.uleb128 0xb
 1199 0063 00       		.byte	0
 1200 0064 00       		.byte	0
 1201 0065 00       		.byte	0
 1202              		.section	.debug_aranges,"",%progbits
 1203 0000 14000000 		.4byte	0x14
 1204 0004 0200     		.2byte	0x2
 1205 0006 00000000 		.4byte	.Ldebug_info0
 1206 000a 04       		.byte	0x4
 1207 000b 00       		.byte	0
 1208 000c 0000     		.2byte	0
 1209 000e 0000     		.2byte	0
 1210 0010 00000000 		.4byte	0
 1211 0014 00000000 		.4byte	0
 1212              		.section	.debug_line,"",%progbits
 1213              	.Ldebug_line0:
 1214 0000 27010000 		.section	.debug_str,"MS",%progbits,1
 1214      02002101 
 1214      00000201 
 1214      FB0E0D00 
 1214      01010101 
 1215              	.LASF9:
 1216 0000 5F5F7569 		.ascii	"__uint8_t\000"
 1216      6E74385F 
 1216      7400
 1217              	.LASF16:
 1218 000a 63795F6D 		.ascii	"cy_metadata\000"
 1218      65746164 
 1218      61746100 
 1219              	.LASF1:
 1220 0016 756E7369 		.ascii	"unsigned char\000"
 1220      676E6564 
 1220      20636861 
 1220      7200
 1221              	.LASF17:
 1222 0024 474E5520 		.ascii	"GNU C11 5.4.1 20160609 (release) [ARM/embedded-5-br"
 1222      43313120 
 1222      352E342E 
 1222      31203230 
 1222      31363036 
 1223 0057 616E6368 		.ascii	"anch revision 237715] -mcpu=cortex-m3 -mthumb -g -O"
 1223      20726576 
 1223      6973696F 
 1223      6E203233 
 1223      37373135 
 1224 008a 67202D66 		.ascii	"g -ffunction-sections -ffat-lto-objects\000"
 1224      66756E63 
 1224      74696F6E 
 1224      2D736563 
 1224      74696F6E 
 1225              	.LASF5:
 1226 00b2 6C6F6E67 		.ascii	"long unsigned int\000"
 1226      20756E73 
ARM GAS  C:\Users\Oskari\AppData\Local\Temp\cckwP1Nd.s 			page 23


 1226      69676E65 
 1226      6420696E 
 1226      7400
 1227              	.LASF3:
 1228 00c4 73686F72 		.ascii	"short unsigned int\000"
 1228      7420756E 
 1228      7369676E 
 1228      65642069 
 1228      6E7400
 1229              	.LASF13:
 1230 00d7 63795F6D 		.ascii	"cy_meta_custnvl\000"
 1230      6574615F 
 1230      63757374 
 1230      6E766C00 
 1231              	.LASF12:
 1232 00e7 63795F6D 		.ascii	"cy_meta_configecc\000"
 1232      6574615F 
 1232      636F6E66 
 1232      69676563 
 1232      6300
 1233              	.LASF8:
 1234 00f9 756E7369 		.ascii	"unsigned int\000"
 1234      676E6564 
 1234      20696E74 
 1234      00
 1235              	.LASF7:
 1236 0106 6C6F6E67 		.ascii	"long long unsigned int\000"
 1236      206C6F6E 
 1236      6720756E 
 1236      7369676E 
 1236      65642069 
 1237              	.LASF10:
 1238 011d 75696E74 		.ascii	"uint8_t\000"
 1238      385F7400 
 1239              	.LASF19:
 1240 0125 443A5C55 		.ascii	"D:\\User-Folders\\Documents\\E4PRJ-2021\\Skinnesyst"
 1240      7365722D 
 1240      466F6C64 
 1240      6572735C 
 1240      446F6375 
 1241 0154 656D5C52 		.ascii	"em\\RotaryEncoderWorkspace\\RotaryEncoder2.cydsn\000"
 1241      6F746172 
 1241      79456E63 
 1241      6F646572 
 1241      576F726B 
 1242              	.LASF15:
 1243 0183 63795F6D 		.ascii	"cy_meta_flashprotect\000"
 1243      6574615F 
 1243      666C6173 
 1243      6870726F 
 1243      74656374 
 1244              	.LASF14:
 1245 0198 63795F6D 		.ascii	"cy_meta_wonvl\000"
 1245      6574615F 
 1245      776F6E76 
 1245      6C00
 1246              	.LASF11:
ARM GAS  C:\Users\Oskari\AppData\Local\Temp\cckwP1Nd.s 			page 24


 1247 01a6 73697A65 		.ascii	"sizetype\000"
 1247      74797065 
 1247      00
 1248              	.LASF6:
 1249 01af 6C6F6E67 		.ascii	"long long int\000"
 1249      206C6F6E 
 1249      6720696E 
 1249      7400
 1250              	.LASF2:
 1251 01bd 73686F72 		.ascii	"short int\000"
 1251      7420696E 
 1251      7400
 1252              	.LASF4:
 1253 01c7 6C6F6E67 		.ascii	"long int\000"
 1253      20696E74 
 1253      00
 1254              	.LASF0:
 1255 01d0 7369676E 		.ascii	"signed char\000"
 1255      65642063 
 1255      68617200 
 1256              	.LASF18:
 1257 01dc 47656E65 		.ascii	"Generated_Source\\PSoC5\\cymetadata.c\000"
 1257      72617465 
 1257      645F536F 
 1257      75726365 
 1257      5C50536F 
 1258              		.ident	"GCC: (GNU Tools for ARM Embedded Processors) 5.4.1 20160609 (release) [ARM/embedded-5-bran
