ARM GAS  C:\Users\Oskari\AppData\Local\Temp\cctXFotY.s 			page 1


   1              		.syntax unified
   2              		.cpu cortex-m3
   3              		.fpu softvfp
   4              		.eabi_attribute 20, 1
   5              		.eabi_attribute 21, 1
   6              		.eabi_attribute 23, 3
   7              		.eabi_attribute 24, 1
   8              		.eabi_attribute 25, 1
   9              		.eabi_attribute 26, 1
  10              		.eabi_attribute 30, 1
  11              		.eabi_attribute 34, 1
  12              		.eabi_attribute 18, 4
  13              		.thumb
  14              		.syntax unified
  15              		.file	"main.c"
  16              		.text
  17              	.Ltext0:
  18              		.cfi_sections	.debug_frame
  19              		.section	.text.isr_rotary_vec,"ax",%progbits
  20              		.align	2
  21              		.global	isr_rotary_vec
  22              		.thumb
  23              		.thumb_func
  24              		.type	isr_rotary_vec, %function
  25              	isr_rotary_vec:
  26              	.LFB64:
  27              		.file 1 "main.c"
   1:main.c        **** /* ========================================
   2:main.c        ****  *
   3:main.c        ****  * Copyright YOUR COMPANY, THE YEAR
   4:main.c        ****  * All Rights Reserved
   5:main.c        ****  * UNPUBLISHED, LICENSED SOFTWARE.
   6:main.c        ****  *
   7:main.c        ****  * CONFIDENTIAL AND PROPRIETARY INFORMATION
   8:main.c        ****  * WHICH IS THE PROPERTY OF your company.
   9:main.c        ****  *
  10:main.c        ****  * ========================================
  11:main.c        **** */
  12:main.c        **** #include <stdio.h>
  13:main.c        **** #include "project.h"
  14:main.c        **** 
  15:main.c        **** unsigned int pos = 0;
  16:main.c        **** 
  17:main.c        **** CY_ISR(isr_rotary_vec)
  18:main.c        **** {
  28              		.loc 1 18 0
  29              		.cfi_startproc
  30              		@ args = 0, pretend = 0, frame = 0
  31              		@ frame_needed = 0, uses_anonymous_args = 0
  32 0000 08B5     		push	{r3, lr}
  33              		.cfi_def_cfa_offset 8
  34              		.cfi_offset 3, -8
  35              		.cfi_offset 14, -4
  19:main.c        ****     if (Pin_rotary_2_Read())
  36              		.loc 1 19 0
  37 0002 FFF7FEFF 		bl	Pin_rotary_2_Read
  38              	.LVL0:
ARM GAS  C:\Users\Oskari\AppData\Local\Temp\cctXFotY.s 			page 2


  39 0006 20B1     		cbz	r0, .L2
  20:main.c        ****         pos++;
  40              		.loc 1 20 0
  41 0008 044A     		ldr	r2, .L5
  42 000a 1368     		ldr	r3, [r2]
  43 000c 0133     		adds	r3, r3, #1
  44 000e 1360     		str	r3, [r2]
  45 0010 08BD     		pop	{r3, pc}
  46              	.L2:
  21:main.c        ****     else
  22:main.c        ****         pos--;
  47              		.loc 1 22 0
  48 0012 024A     		ldr	r2, .L5
  49 0014 1368     		ldr	r3, [r2]
  50 0016 013B     		subs	r3, r3, #1
  51 0018 1360     		str	r3, [r2]
  52 001a 08BD     		pop	{r3, pc}
  53              	.L6:
  54              		.align	2
  55              	.L5:
  56 001c 00000000 		.word	.LANCHOR0
  57              		.cfi_endproc
  58              	.LFE64:
  59              		.size	isr_rotary_vec, .-isr_rotary_vec
  60              		.section	.text.main,"ax",%progbits
  61              		.align	2
  62              		.global	main
  63              		.thumb
  64              		.thumb_func
  65              		.type	main, %function
  66              	main:
  67              	.LFB65:
  23:main.c        **** }
  24:main.c        **** 
  25:main.c        **** int main(void)
  26:main.c        **** {
  68              		.loc 1 26 0
  69              		.cfi_startproc
  70              		@ args = 0, pretend = 0, frame = 64
  71              		@ frame_needed = 0, uses_anonymous_args = 0
  72 0000 00B5     		push	{lr}
  73              		.cfi_def_cfa_offset 4
  74              		.cfi_offset 14, -4
  75 0002 91B0     		sub	sp, sp, #68
  76              		.cfi_def_cfa_offset 72
  27:main.c        ****     char temp[64];
  28:main.c        ****     
  29:main.c        ****     CyGlobalIntEnable; /* Enable global interrupts. */
  77              		.loc 1 29 0
  78              		.syntax unified
  79              	@ 29 "main.c" 1
  80 0004 62B6     		CPSIE   i
  81              	@ 0 "" 2
  30:main.c        **** 
  31:main.c        ****     isr_rotary_StartEx(isr_rotary_vec);
  82              		.loc 1 31 0
  83              		.thumb
ARM GAS  C:\Users\Oskari\AppData\Local\Temp\cctXFotY.s 			page 3


  84              		.syntax unified
  85 0006 0748     		ldr	r0, .L10
  86 0008 FFF7FEFF 		bl	isr_rotary_StartEx
  87              	.LVL1:
  32:main.c        ****     
  33:main.c        ****     UART_1_Start();
  88              		.loc 1 33 0
  89 000c FFF7FEFF 		bl	UART_1_Start
  90              	.LVL2:
  91              	.L8:
  34:main.c        **** 
  35:main.c        ****     for(;;)
  36:main.c        ****     {
  37:main.c        ****         sprintf(temp, "%d\n\r", pos);
  92              		.loc 1 37 0 discriminator 1
  93 0010 054B     		ldr	r3, .L10+4
  94 0012 1A68     		ldr	r2, [r3]
  95 0014 0549     		ldr	r1, .L10+8
  96 0016 6846     		mov	r0, sp
  97 0018 FFF7FEFF 		bl	sprintf
  98              	.LVL3:
  38:main.c        ****         UART_1_PutString(temp);
  99              		.loc 1 38 0 discriminator 1
 100 001c 6846     		mov	r0, sp
 101 001e FFF7FEFF 		bl	UART_1_PutString
 102              	.LVL4:
 103 0022 F5E7     		b	.L8
 104              	.L11:
 105              		.align	2
 106              	.L10:
 107 0024 00000000 		.word	isr_rotary_vec
 108 0028 00000000 		.word	.LANCHOR0
 109 002c 00000000 		.word	.LC0
 110              		.cfi_endproc
 111              	.LFE65:
 112              		.size	main, .-main
 113              		.global	pos
 114              		.section	.rodata.str1.4,"aMS",%progbits,1
 115              		.align	2
 116              	.LC0:
 117 0000 25640A0D 		.ascii	"%d\012\015\000"
 117      00
 118              		.bss
 119              		.align	2
 120              		.set	.LANCHOR0,. + 0
 121              		.type	pos, %object
 122              		.size	pos, 4
 123              	pos:
 124 0000 00000000 		.space	4
 125              		.text
 126              	.Letext0:
 127              		.file 2 "d:\\programs\\cypress\\psoc creator\\4.4\\psoc creator\\import\\gnu\\arm\\5.4.1\\arm-none
 128              		.file 3 "d:\\programs\\cypress\\psoc creator\\4.4\\psoc creator\\import\\gnu\\arm\\5.4.1\\arm-none
 129              		.file 4 "Generated_Source\\PSoC5/Pin_rotary_2.h"
 130              		.file 5 "Generated_Source\\PSoC5/isr_rotary.h"
 131              		.file 6 "Generated_Source\\PSoC5/UART_1.h"
 132              		.file 7 "d:\\programs\\cypress\\psoc creator\\4.4\\psoc creator\\import\\gnu\\arm\\5.4.1\\arm-none
ARM GAS  C:\Users\Oskari\AppData\Local\Temp\cctXFotY.s 			page 4


 133              		.file 8 "Generated_Source\\PSoC5/core_cm3.h"
 134              		.section	.debug_info,"",%progbits
 135              	.Ldebug_info0:
 136 0000 9F010000 		.4byte	0x19f
 137 0004 0400     		.2byte	0x4
 138 0006 00000000 		.4byte	.Ldebug_abbrev0
 139 000a 04       		.byte	0x4
 140 000b 01       		.uleb128 0x1
 141 000c 52000000 		.4byte	.LASF22
 142 0010 0C       		.byte	0xc
 143 0011 41000000 		.4byte	.LASF23
 144 0015 49010000 		.4byte	.LASF24
 145 0019 00000000 		.4byte	.Ldebug_ranges0+0
 146 001d 00000000 		.4byte	0
 147 0021 00000000 		.4byte	.Ldebug_line0
 148 0025 02       		.uleb128 0x2
 149 0026 01       		.byte	0x1
 150 0027 06       		.byte	0x6
 151 0028 E2010000 		.4byte	.LASF0
 152 002c 02       		.uleb128 0x2
 153 002d 01       		.byte	0x1
 154 002e 08       		.byte	0x8
 155 002f 3B010000 		.4byte	.LASF1
 156 0033 02       		.uleb128 0x2
 157 0034 02       		.byte	0x2
 158 0035 05       		.byte	0x5
 159 0036 0A020000 		.4byte	.LASF2
 160 003a 02       		.uleb128 0x2
 161 003b 02       		.byte	0x2
 162 003c 07       		.byte	0x7
 163 003d 0E000000 		.4byte	.LASF3
 164 0041 03       		.uleb128 0x3
 165 0042 FA010000 		.4byte	.LASF12
 166 0046 02       		.byte	0x2
 167 0047 3F       		.byte	0x3f
 168 0048 4C000000 		.4byte	0x4c
 169 004c 02       		.uleb128 0x2
 170 004d 04       		.byte	0x4
 171 004e 05       		.byte	0x5
 172 004f A7010000 		.4byte	.LASF4
 173 0053 02       		.uleb128 0x2
 174 0054 04       		.byte	0x4
 175 0055 07       		.byte	0x7
 176 0056 EF000000 		.4byte	.LASF5
 177 005a 02       		.uleb128 0x2
 178 005b 08       		.byte	0x8
 179 005c 05       		.byte	0x5
 180 005d 00000000 		.4byte	.LASF6
 181 0061 02       		.uleb128 0x2
 182 0062 08       		.byte	0x8
 183 0063 07       		.byte	0x7
 184 0064 01010000 		.4byte	.LASF7
 185 0068 04       		.uleb128 0x4
 186 0069 04       		.byte	0x4
 187 006a 05       		.byte	0x5
 188 006b 696E7400 		.ascii	"int\000"
 189 006f 02       		.uleb128 0x2
ARM GAS  C:\Users\Oskari\AppData\Local\Temp\cctXFotY.s 			page 5


 190 0070 04       		.byte	0x4
 191 0071 07       		.byte	0x7
 192 0072 21000000 		.4byte	.LASF8
 193 0076 02       		.uleb128 0x2
 194 0077 08       		.byte	0x8
 195 0078 04       		.byte	0x4
 196 0079 EE010000 		.4byte	.LASF9
 197 007d 02       		.uleb128 0x2
 198 007e 04       		.byte	0x4
 199 007f 07       		.byte	0x7
 200 0080 CC010000 		.4byte	.LASF10
 201 0084 02       		.uleb128 0x2
 202 0085 01       		.byte	0x1
 203 0086 08       		.byte	0x8
 204 0087 1C020000 		.4byte	.LASF11
 205 008b 03       		.uleb128 0x3
 206 008c 14020000 		.4byte	.LASF13
 207 0090 03       		.byte	0x3
 208 0091 2C       		.byte	0x2c
 209 0092 41000000 		.4byte	0x41
 210 0096 02       		.uleb128 0x2
 211 0097 04       		.byte	0x4
 212 0098 04       		.byte	0x4
 213 0099 04020000 		.4byte	.LASF14
 214 009d 02       		.uleb128 0x2
 215 009e 08       		.byte	0x8
 216 009f 04       		.byte	0x4
 217 00a0 C5010000 		.4byte	.LASF15
 218 00a4 05       		.uleb128 0x5
 219 00a5 E0000000 		.4byte	.LASF25
 220 00a9 01       		.byte	0x1
 221 00aa 11       		.byte	0x11
 222 00ab 00000000 		.4byte	.LFB64
 223 00af 20000000 		.4byte	.LFE64-.LFB64
 224 00b3 01       		.uleb128 0x1
 225 00b4 9C       		.byte	0x9c
 226 00b5 C3000000 		.4byte	0xc3
 227 00b9 06       		.uleb128 0x6
 228 00ba 06000000 		.4byte	.LVL0
 229 00be 6B010000 		.4byte	0x16b
 230 00c2 00       		.byte	0
 231 00c3 07       		.uleb128 0x7
 232 00c4 4D000000 		.4byte	.LASF26
 233 00c8 01       		.byte	0x1
 234 00c9 19       		.byte	0x19
 235 00ca 68000000 		.4byte	0x68
 236 00ce 00000000 		.4byte	.LFB65
 237 00d2 30000000 		.4byte	.LFE65-.LFB65
 238 00d6 01       		.uleb128 0x1
 239 00d7 9C       		.byte	0x9c
 240 00d8 39010000 		.4byte	0x139
 241 00dc 08       		.uleb128 0x8
 242 00dd 48000000 		.4byte	.LASF27
 243 00e1 01       		.byte	0x1
 244 00e2 1B       		.byte	0x1b
 245 00e3 39010000 		.4byte	0x139
 246 00e7 03       		.uleb128 0x3
ARM GAS  C:\Users\Oskari\AppData\Local\Temp\cctXFotY.s 			page 6


 247 00e8 91       		.byte	0x91
 248 00e9 B87F     		.sleb128 -72
 249 00eb 09       		.uleb128 0x9
 250 00ec 0C000000 		.4byte	.LVL1
 251 00f0 76010000 		.4byte	0x176
 252 00f4 02010000 		.4byte	0x102
 253 00f8 0A       		.uleb128 0xa
 254 00f9 01       		.uleb128 0x1
 255 00fa 50       		.byte	0x50
 256 00fb 05       		.uleb128 0x5
 257 00fc 03       		.byte	0x3
 258 00fd 00000000 		.4byte	isr_rotary_vec
 259 0101 00       		.byte	0
 260 0102 06       		.uleb128 0x6
 261 0103 10000000 		.4byte	.LVL2
 262 0107 81010000 		.4byte	0x181
 263 010b 09       		.uleb128 0x9
 264 010c 1C000000 		.4byte	.LVL3
 265 0110 8C010000 		.4byte	0x18c
 266 0114 28010000 		.4byte	0x128
 267 0118 0A       		.uleb128 0xa
 268 0119 01       		.uleb128 0x1
 269 011a 50       		.byte	0x50
 270 011b 02       		.uleb128 0x2
 271 011c 7D       		.byte	0x7d
 272 011d 00       		.sleb128 0
 273 011e 0A       		.uleb128 0xa
 274 011f 01       		.uleb128 0x1
 275 0120 51       		.byte	0x51
 276 0121 05       		.uleb128 0x5
 277 0122 03       		.byte	0x3
 278 0123 00000000 		.4byte	.LC0
 279 0127 00       		.byte	0
 280 0128 0B       		.uleb128 0xb
 281 0129 22000000 		.4byte	.LVL4
 282 012d 97010000 		.4byte	0x197
 283 0131 0A       		.uleb128 0xa
 284 0132 01       		.uleb128 0x1
 285 0133 50       		.byte	0x50
 286 0134 02       		.uleb128 0x2
 287 0135 7D       		.byte	0x7d
 288 0136 00       		.sleb128 0
 289 0137 00       		.byte	0
 290 0138 00       		.byte	0
 291 0139 0C       		.uleb128 0xc
 292 013a 84000000 		.4byte	0x84
 293 013e 49010000 		.4byte	0x149
 294 0142 0D       		.uleb128 0xd
 295 0143 7D000000 		.4byte	0x7d
 296 0147 3F       		.byte	0x3f
 297 0148 00       		.byte	0
 298 0149 0E       		.uleb128 0xe
 299 014a D5010000 		.4byte	.LASF16
 300 014e 08       		.byte	0x8
 301 014f 1207     		.2byte	0x712
 302 0151 55010000 		.4byte	0x155
 303 0155 0F       		.uleb128 0xf
ARM GAS  C:\Users\Oskari\AppData\Local\Temp\cctXFotY.s 			page 7


 304 0156 8B000000 		.4byte	0x8b
 305 015a 10       		.uleb128 0x10
 306 015b 706F7300 		.ascii	"pos\000"
 307 015f 01       		.byte	0x1
 308 0160 0F       		.byte	0xf
 309 0161 6F000000 		.4byte	0x6f
 310 0165 05       		.uleb128 0x5
 311 0166 03       		.byte	0x3
 312 0167 00000000 		.4byte	pos
 313 016b 11       		.uleb128 0x11
 314 016c 29010000 		.4byte	.LASF17
 315 0170 29010000 		.4byte	.LASF17
 316 0174 04       		.byte	0x4
 317 0175 29       		.byte	0x29
 318 0176 11       		.uleb128 0x11
 319 0177 2E000000 		.4byte	.LASF18
 320 017b 2E000000 		.4byte	.LASF18
 321 017f 05       		.byte	0x5
 322 0180 18       		.byte	0x18
 323 0181 11       		.uleb128 0x11
 324 0182 B8010000 		.4byte	.LASF19
 325 0186 B8010000 		.4byte	.LASF19
 326 018a 06       		.byte	0x6
 327 018b 54       		.byte	0x54
 328 018c 11       		.uleb128 0x11
 329 018d B0010000 		.4byte	.LASF20
 330 0191 B0010000 		.4byte	.LASF20
 331 0195 07       		.byte	0x7
 332 0196 E7       		.byte	0xe7
 333 0197 11       		.uleb128 0x11
 334 0198 18010000 		.4byte	.LASF21
 335 019c 18010000 		.4byte	.LASF21
 336 01a0 06       		.byte	0x6
 337 01a1 8B       		.byte	0x8b
 338 01a2 00       		.byte	0
 339              		.section	.debug_abbrev,"",%progbits
 340              	.Ldebug_abbrev0:
 341 0000 01       		.uleb128 0x1
 342 0001 11       		.uleb128 0x11
 343 0002 01       		.byte	0x1
 344 0003 25       		.uleb128 0x25
 345 0004 0E       		.uleb128 0xe
 346 0005 13       		.uleb128 0x13
 347 0006 0B       		.uleb128 0xb
 348 0007 03       		.uleb128 0x3
 349 0008 0E       		.uleb128 0xe
 350 0009 1B       		.uleb128 0x1b
 351 000a 0E       		.uleb128 0xe
 352 000b 55       		.uleb128 0x55
 353 000c 17       		.uleb128 0x17
 354 000d 11       		.uleb128 0x11
 355 000e 01       		.uleb128 0x1
 356 000f 10       		.uleb128 0x10
 357 0010 17       		.uleb128 0x17
 358 0011 00       		.byte	0
 359 0012 00       		.byte	0
 360 0013 02       		.uleb128 0x2
ARM GAS  C:\Users\Oskari\AppData\Local\Temp\cctXFotY.s 			page 8


 361 0014 24       		.uleb128 0x24
 362 0015 00       		.byte	0
 363 0016 0B       		.uleb128 0xb
 364 0017 0B       		.uleb128 0xb
 365 0018 3E       		.uleb128 0x3e
 366 0019 0B       		.uleb128 0xb
 367 001a 03       		.uleb128 0x3
 368 001b 0E       		.uleb128 0xe
 369 001c 00       		.byte	0
 370 001d 00       		.byte	0
 371 001e 03       		.uleb128 0x3
 372 001f 16       		.uleb128 0x16
 373 0020 00       		.byte	0
 374 0021 03       		.uleb128 0x3
 375 0022 0E       		.uleb128 0xe
 376 0023 3A       		.uleb128 0x3a
 377 0024 0B       		.uleb128 0xb
 378 0025 3B       		.uleb128 0x3b
 379 0026 0B       		.uleb128 0xb
 380 0027 49       		.uleb128 0x49
 381 0028 13       		.uleb128 0x13
 382 0029 00       		.byte	0
 383 002a 00       		.byte	0
 384 002b 04       		.uleb128 0x4
 385 002c 24       		.uleb128 0x24
 386 002d 00       		.byte	0
 387 002e 0B       		.uleb128 0xb
 388 002f 0B       		.uleb128 0xb
 389 0030 3E       		.uleb128 0x3e
 390 0031 0B       		.uleb128 0xb
 391 0032 03       		.uleb128 0x3
 392 0033 08       		.uleb128 0x8
 393 0034 00       		.byte	0
 394 0035 00       		.byte	0
 395 0036 05       		.uleb128 0x5
 396 0037 2E       		.uleb128 0x2e
 397 0038 01       		.byte	0x1
 398 0039 3F       		.uleb128 0x3f
 399 003a 19       		.uleb128 0x19
 400 003b 03       		.uleb128 0x3
 401 003c 0E       		.uleb128 0xe
 402 003d 3A       		.uleb128 0x3a
 403 003e 0B       		.uleb128 0xb
 404 003f 3B       		.uleb128 0x3b
 405 0040 0B       		.uleb128 0xb
 406 0041 27       		.uleb128 0x27
 407 0042 19       		.uleb128 0x19
 408 0043 11       		.uleb128 0x11
 409 0044 01       		.uleb128 0x1
 410 0045 12       		.uleb128 0x12
 411 0046 06       		.uleb128 0x6
 412 0047 40       		.uleb128 0x40
 413 0048 18       		.uleb128 0x18
 414 0049 9742     		.uleb128 0x2117
 415 004b 19       		.uleb128 0x19
 416 004c 01       		.uleb128 0x1
 417 004d 13       		.uleb128 0x13
ARM GAS  C:\Users\Oskari\AppData\Local\Temp\cctXFotY.s 			page 9


 418 004e 00       		.byte	0
 419 004f 00       		.byte	0
 420 0050 06       		.uleb128 0x6
 421 0051 898201   		.uleb128 0x4109
 422 0054 00       		.byte	0
 423 0055 11       		.uleb128 0x11
 424 0056 01       		.uleb128 0x1
 425 0057 31       		.uleb128 0x31
 426 0058 13       		.uleb128 0x13
 427 0059 00       		.byte	0
 428 005a 00       		.byte	0
 429 005b 07       		.uleb128 0x7
 430 005c 2E       		.uleb128 0x2e
 431 005d 01       		.byte	0x1
 432 005e 3F       		.uleb128 0x3f
 433 005f 19       		.uleb128 0x19
 434 0060 03       		.uleb128 0x3
 435 0061 0E       		.uleb128 0xe
 436 0062 3A       		.uleb128 0x3a
 437 0063 0B       		.uleb128 0xb
 438 0064 3B       		.uleb128 0x3b
 439 0065 0B       		.uleb128 0xb
 440 0066 27       		.uleb128 0x27
 441 0067 19       		.uleb128 0x19
 442 0068 49       		.uleb128 0x49
 443 0069 13       		.uleb128 0x13
 444 006a 8701     		.uleb128 0x87
 445 006c 19       		.uleb128 0x19
 446 006d 11       		.uleb128 0x11
 447 006e 01       		.uleb128 0x1
 448 006f 12       		.uleb128 0x12
 449 0070 06       		.uleb128 0x6
 450 0071 40       		.uleb128 0x40
 451 0072 18       		.uleb128 0x18
 452 0073 9742     		.uleb128 0x2117
 453 0075 19       		.uleb128 0x19
 454 0076 01       		.uleb128 0x1
 455 0077 13       		.uleb128 0x13
 456 0078 00       		.byte	0
 457 0079 00       		.byte	0
 458 007a 08       		.uleb128 0x8
 459 007b 34       		.uleb128 0x34
 460 007c 00       		.byte	0
 461 007d 03       		.uleb128 0x3
 462 007e 0E       		.uleb128 0xe
 463 007f 3A       		.uleb128 0x3a
 464 0080 0B       		.uleb128 0xb
 465 0081 3B       		.uleb128 0x3b
 466 0082 0B       		.uleb128 0xb
 467 0083 49       		.uleb128 0x49
 468 0084 13       		.uleb128 0x13
 469 0085 02       		.uleb128 0x2
 470 0086 18       		.uleb128 0x18
 471 0087 00       		.byte	0
 472 0088 00       		.byte	0
 473 0089 09       		.uleb128 0x9
 474 008a 898201   		.uleb128 0x4109
ARM GAS  C:\Users\Oskari\AppData\Local\Temp\cctXFotY.s 			page 10


 475 008d 01       		.byte	0x1
 476 008e 11       		.uleb128 0x11
 477 008f 01       		.uleb128 0x1
 478 0090 31       		.uleb128 0x31
 479 0091 13       		.uleb128 0x13
 480 0092 01       		.uleb128 0x1
 481 0093 13       		.uleb128 0x13
 482 0094 00       		.byte	0
 483 0095 00       		.byte	0
 484 0096 0A       		.uleb128 0xa
 485 0097 8A8201   		.uleb128 0x410a
 486 009a 00       		.byte	0
 487 009b 02       		.uleb128 0x2
 488 009c 18       		.uleb128 0x18
 489 009d 9142     		.uleb128 0x2111
 490 009f 18       		.uleb128 0x18
 491 00a0 00       		.byte	0
 492 00a1 00       		.byte	0
 493 00a2 0B       		.uleb128 0xb
 494 00a3 898201   		.uleb128 0x4109
 495 00a6 01       		.byte	0x1
 496 00a7 11       		.uleb128 0x11
 497 00a8 01       		.uleb128 0x1
 498 00a9 31       		.uleb128 0x31
 499 00aa 13       		.uleb128 0x13
 500 00ab 00       		.byte	0
 501 00ac 00       		.byte	0
 502 00ad 0C       		.uleb128 0xc
 503 00ae 01       		.uleb128 0x1
 504 00af 01       		.byte	0x1
 505 00b0 49       		.uleb128 0x49
 506 00b1 13       		.uleb128 0x13
 507 00b2 01       		.uleb128 0x1
 508 00b3 13       		.uleb128 0x13
 509 00b4 00       		.byte	0
 510 00b5 00       		.byte	0
 511 00b6 0D       		.uleb128 0xd
 512 00b7 21       		.uleb128 0x21
 513 00b8 00       		.byte	0
 514 00b9 49       		.uleb128 0x49
 515 00ba 13       		.uleb128 0x13
 516 00bb 2F       		.uleb128 0x2f
 517 00bc 0B       		.uleb128 0xb
 518 00bd 00       		.byte	0
 519 00be 00       		.byte	0
 520 00bf 0E       		.uleb128 0xe
 521 00c0 34       		.uleb128 0x34
 522 00c1 00       		.byte	0
 523 00c2 03       		.uleb128 0x3
 524 00c3 0E       		.uleb128 0xe
 525 00c4 3A       		.uleb128 0x3a
 526 00c5 0B       		.uleb128 0xb
 527 00c6 3B       		.uleb128 0x3b
 528 00c7 05       		.uleb128 0x5
 529 00c8 49       		.uleb128 0x49
 530 00c9 13       		.uleb128 0x13
 531 00ca 3F       		.uleb128 0x3f
ARM GAS  C:\Users\Oskari\AppData\Local\Temp\cctXFotY.s 			page 11


 532 00cb 19       		.uleb128 0x19
 533 00cc 3C       		.uleb128 0x3c
 534 00cd 19       		.uleb128 0x19
 535 00ce 00       		.byte	0
 536 00cf 00       		.byte	0
 537 00d0 0F       		.uleb128 0xf
 538 00d1 35       		.uleb128 0x35
 539 00d2 00       		.byte	0
 540 00d3 49       		.uleb128 0x49
 541 00d4 13       		.uleb128 0x13
 542 00d5 00       		.byte	0
 543 00d6 00       		.byte	0
 544 00d7 10       		.uleb128 0x10
 545 00d8 34       		.uleb128 0x34
 546 00d9 00       		.byte	0
 547 00da 03       		.uleb128 0x3
 548 00db 08       		.uleb128 0x8
 549 00dc 3A       		.uleb128 0x3a
 550 00dd 0B       		.uleb128 0xb
 551 00de 3B       		.uleb128 0x3b
 552 00df 0B       		.uleb128 0xb
 553 00e0 49       		.uleb128 0x49
 554 00e1 13       		.uleb128 0x13
 555 00e2 3F       		.uleb128 0x3f
 556 00e3 19       		.uleb128 0x19
 557 00e4 02       		.uleb128 0x2
 558 00e5 18       		.uleb128 0x18
 559 00e6 00       		.byte	0
 560 00e7 00       		.byte	0
 561 00e8 11       		.uleb128 0x11
 562 00e9 2E       		.uleb128 0x2e
 563 00ea 00       		.byte	0
 564 00eb 3F       		.uleb128 0x3f
 565 00ec 19       		.uleb128 0x19
 566 00ed 3C       		.uleb128 0x3c
 567 00ee 19       		.uleb128 0x19
 568 00ef 6E       		.uleb128 0x6e
 569 00f0 0E       		.uleb128 0xe
 570 00f1 03       		.uleb128 0x3
 571 00f2 0E       		.uleb128 0xe
 572 00f3 3A       		.uleb128 0x3a
 573 00f4 0B       		.uleb128 0xb
 574 00f5 3B       		.uleb128 0x3b
 575 00f6 0B       		.uleb128 0xb
 576 00f7 00       		.byte	0
 577 00f8 00       		.byte	0
 578 00f9 00       		.byte	0
 579              		.section	.debug_aranges,"",%progbits
 580 0000 24000000 		.4byte	0x24
 581 0004 0200     		.2byte	0x2
 582 0006 00000000 		.4byte	.Ldebug_info0
 583 000a 04       		.byte	0x4
 584 000b 00       		.byte	0
 585 000c 0000     		.2byte	0
 586 000e 0000     		.2byte	0
 587 0010 00000000 		.4byte	.LFB64
 588 0014 20000000 		.4byte	.LFE64-.LFB64
ARM GAS  C:\Users\Oskari\AppData\Local\Temp\cctXFotY.s 			page 12


 589 0018 00000000 		.4byte	.LFB65
 590 001c 30000000 		.4byte	.LFE65-.LFB65
 591 0020 00000000 		.4byte	0
 592 0024 00000000 		.4byte	0
 593              		.section	.debug_ranges,"",%progbits
 594              	.Ldebug_ranges0:
 595 0000 00000000 		.4byte	.LFB64
 596 0004 20000000 		.4byte	.LFE64
 597 0008 00000000 		.4byte	.LFB65
 598 000c 30000000 		.4byte	.LFE65
 599 0010 00000000 		.4byte	0
 600 0014 00000000 		.4byte	0
 601              		.section	.debug_line,"",%progbits
 602              	.Ldebug_line0:
 603 0000 F3010000 		.section	.debug_str,"MS",%progbits,1
 603      0200BF01 
 603      00000201 
 603      FB0E0D00 
 603      01010101 
 604              	.LASF6:
 605 0000 6C6F6E67 		.ascii	"long long int\000"
 605      206C6F6E 
 605      6720696E 
 605      7400
 606              	.LASF3:
 607 000e 73686F72 		.ascii	"short unsigned int\000"
 607      7420756E 
 607      7369676E 
 607      65642069 
 607      6E7400
 608              	.LASF8:
 609 0021 756E7369 		.ascii	"unsigned int\000"
 609      676E6564 
 609      20696E74 
 609      00
 610              	.LASF18:
 611 002e 6973725F 		.ascii	"isr_rotary_StartEx\000"
 611      726F7461 
 611      72795F53 
 611      74617274 
 611      457800
 612              	.LASF23:
 613 0041 6D61696E 		.ascii	"main.c\000"
 613      2E6300
 614              	.LASF27:
 615 0048 74656D70 		.ascii	"temp\000"
 615      00
 616              	.LASF26:
 617 004d 6D61696E 		.ascii	"main\000"
 617      00
 618              	.LASF22:
 619 0052 474E5520 		.ascii	"GNU C11 5.4.1 20160609 (release) [ARM/embedded-5-br"
 619      43313120 
 619      352E342E 
 619      31203230 
 619      31363036 
 620 0085 616E6368 		.ascii	"anch revision 237715] -mcpu=cortex-m3 -mthumb -g -O"
ARM GAS  C:\Users\Oskari\AppData\Local\Temp\cctXFotY.s 			page 13


 620      20726576 
 620      6973696F 
 620      6E203233 
 620      37373135 
 621 00b8 67202D66 		.ascii	"g -ffunction-sections -ffat-lto-objects\000"
 621      66756E63 
 621      74696F6E 
 621      2D736563 
 621      74696F6E 
 622              	.LASF25:
 623 00e0 6973725F 		.ascii	"isr_rotary_vec\000"
 623      726F7461 
 623      72795F76 
 623      656300
 624              	.LASF5:
 625 00ef 6C6F6E67 		.ascii	"long unsigned int\000"
 625      20756E73 
 625      69676E65 
 625      6420696E 
 625      7400
 626              	.LASF7:
 627 0101 6C6F6E67 		.ascii	"long long unsigned int\000"
 627      206C6F6E 
 627      6720756E 
 627      7369676E 
 627      65642069 
 628              	.LASF21:
 629 0118 55415254 		.ascii	"UART_1_PutString\000"
 629      5F315F50 
 629      75745374 
 629      72696E67 
 629      00
 630              	.LASF17:
 631 0129 50696E5F 		.ascii	"Pin_rotary_2_Read\000"
 631      726F7461 
 631      72795F32 
 631      5F526561 
 631      6400
 632              	.LASF1:
 633 013b 756E7369 		.ascii	"unsigned char\000"
 633      676E6564 
 633      20636861 
 633      7200
 634              	.LASF24:
 635 0149 443A5C55 		.ascii	"D:\\User-Folders\\Documents\\E4PRJ-2021\\Skinnesyst"
 635      7365722D 
 635      466F6C64 
 635      6572735C 
 635      446F6375 
 636 0178 656D5C52 		.ascii	"em\\RotaryEncoderWorkspace\\RotaryEncoder2.cydsn\000"
 636      6F746172 
 636      79456E63 
 636      6F646572 
 636      576F726B 
 637              	.LASF4:
 638 01a7 6C6F6E67 		.ascii	"long int\000"
 638      20696E74 
ARM GAS  C:\Users\Oskari\AppData\Local\Temp\cctXFotY.s 			page 14


 638      00
 639              	.LASF20:
 640 01b0 73707269 		.ascii	"sprintf\000"
 640      6E746600 
 641              	.LASF19:
 642 01b8 55415254 		.ascii	"UART_1_Start\000"
 642      5F315F53 
 642      74617274 
 642      00
 643              	.LASF15:
 644 01c5 646F7562 		.ascii	"double\000"
 644      6C6500
 645              	.LASF10:
 646 01cc 73697A65 		.ascii	"sizetype\000"
 646      74797065 
 646      00
 647              	.LASF16:
 648 01d5 49544D5F 		.ascii	"ITM_RxBuffer\000"
 648      52784275 
 648      66666572 
 648      00
 649              	.LASF0:
 650 01e2 7369676E 		.ascii	"signed char\000"
 650      65642063 
 650      68617200 
 651              	.LASF9:
 652 01ee 6C6F6E67 		.ascii	"long double\000"
 652      20646F75 
 652      626C6500 
 653              	.LASF12:
 654 01fa 5F5F696E 		.ascii	"__int32_t\000"
 654      7433325F 
 654      7400
 655              	.LASF14:
 656 0204 666C6F61 		.ascii	"float\000"
 656      7400
 657              	.LASF2:
 658 020a 73686F72 		.ascii	"short int\000"
 658      7420696E 
 658      7400
 659              	.LASF13:
 660 0214 696E7433 		.ascii	"int32_t\000"
 660      325F7400 
 661              	.LASF11:
 662 021c 63686172 		.ascii	"char\000"
 662      00
 663              		.ident	"GCC: (GNU Tools for ARM Embedded Processors) 5.4.1 20160609 (release) [ARM/embedded-5-bran
